  [1m[36m (12.0ms)[0m  [1mCREATE TABLE "schema_migrations" ("version" varchar(255) NOT NULL) [0m
  [1m[35m (0.1ms)[0m  select sqlite_version(*)
  [1m[36m (6.6ms)[0m  [1mCREATE UNIQUE INDEX "unique_schema_migrations" ON "schema_migrations" ("version")[0m
  [1m[35mActiveRecord::SchemaMigration Load (0.1ms)[0m  SELECT "schema_migrations".* FROM "schema_migrations"
  [1m[36mActiveRecord::SchemaMigration Load (0.1ms)[0m  [1mSELECT "schema_migrations".* FROM "schema_migrations"[0m
Migrating to CreateLivros (20150627001434)
  [1m[35m (0.1ms)[0m  begin transaction
  [1m[36m (0.4ms)[0m  [1mCREATE TABLE "livros" ("id" INTEGER PRIMARY KEY AUTOINCREMENT NOT NULL, "nome" varchar(255), "autor" varchar(255), "dataPublicacao" varchar(255), "dataEmprestimo" varchar(255), "dataEntrega" varchar(255), "usuario_id" integer, "created_at" datetime, "updated_at" datetime) [0m
  [1m[35mSQL (0.1ms)[0m  INSERT INTO "schema_migrations" ("version") VALUES (?)  [["version", "20150627001434"]]
  [1m[36m (14.1ms)[0m  [1mcommit transaction[0m
  [1m[35mActiveRecord::SchemaMigration Load (0.1ms)[0m  SELECT "schema_migrations".* FROM "schema_migrations"


Started GET "/" for 150.161.2.202 at 2015-06-27 00:16:15 +0000
  [1m[36mActiveRecord::SchemaMigration Load (0.1ms)[0m  [1mSELECT "schema_migrations".* FROM "schema_migrations"[0m
Processing by LivrosController#index as HTML
  [1m[35mLivro Load (0.2ms)[0m  SELECT "livros".* FROM "livros"
  Rendered livros/index.html.erb within layouts/application (5.7ms)
Completed 200 OK in 703ms (Views: 688.7ms | ActiveRecord: 0.2ms)


Started GET "/assets/livros.css?body=1" for 150.161.2.202 at 2015-06-27 00:16:16 +0000


Started GET "/assets/scaffolds.css?body=1" for 150.161.2.202 at 2015-06-27 00:16:16 +0000


Started GET "/assets/application.css?body=1" for 150.161.2.202 at 2015-06-27 00:16:16 +0000


Started GET "/assets/jquery_ujs.js?body=1" for 150.161.2.202 at 2015-06-27 00:16:16 +0000


Started GET "/assets/turbolinks.js?body=1" for 150.161.2.202 at 2015-06-27 00:16:16 +0000


Started GET "/assets/application.js?body=1" for 150.161.2.202 at 2015-06-27 00:16:16 +0000


Started GET "/assets/livros.js?body=1" for 150.161.2.202 at 2015-06-27 00:16:16 +0000


Started GET "/assets/jquery.js?body=1" for 150.161.2.202 at 2015-06-27 00:16:16 +0000


Started GET "/livros/new" for 150.161.2.202 at 2015-06-27 00:16:25 +0000
Processing by LivrosController#new as HTML
  Rendered livros/_form.html.erb (23.5ms)
  Rendered livros/new.html.erb within layouts/application (27.4ms)
Completed 200 OK in 74ms (Views: 71.6ms | ActiveRecord: 0.4ms)
  [1m[36mActiveRecord::SchemaMigration Load (0.1ms)[0m  [1mSELECT "schema_migrations".* FROM "schema_migrations"[0m
Migrating to CreateUsers (20150627002000)
  [1m[35m (0.1ms)[0m  begin transaction
  [1m[36m (0.4ms)[0m  [1mCREATE TABLE "users" ("id" INTEGER PRIMARY KEY AUTOINCREMENT NOT NULL, "nome" varchar(255), "cpf" integer, "endereco" text, "curso" varchar(255), "created_at" datetime, "updated_at" datetime) [0m
  [1m[35mSQL (0.1ms)[0m  INSERT INTO "schema_migrations" ("version") VALUES (?)  [["version", "20150627002000"]]
  [1m[36m (9.8ms)[0m  [1mcommit transaction[0m
  [1m[35mActiveRecord::SchemaMigration Load (0.1ms)[0m  SELECT "schema_migrations".* FROM "schema_migrations"


Started GET "/usuarios/" for 150.161.2.202 at 2015-06-27 00:20:22 +0000
  [1m[36mActiveRecord::SchemaMigration Load (0.2ms)[0m  [1mSELECT "schema_migrations".* FROM "schema_migrations"[0m

ActionController::RoutingError (No route matches [GET] "/usuarios"):
  actionpack (4.1.6) lib/action_dispatch/middleware/debug_exceptions.rb:21:in `call'
  actionpack (4.1.6) lib/action_dispatch/middleware/show_exceptions.rb:30:in `call'
  railties (4.1.6) lib/rails/rack/logger.rb:38:in `call_app'
  railties (4.1.6) lib/rails/rack/logger.rb:20:in `block in call'
  activesupport (4.1.6) lib/active_support/tagged_logging.rb:68:in `block in tagged'
  activesupport (4.1.6) lib/active_support/tagged_logging.rb:26:in `tagged'
  activesupport (4.1.6) lib/active_support/tagged_logging.rb:68:in `tagged'
  railties (4.1.6) lib/rails/rack/logger.rb:20:in `call'
  actionpack (4.1.6) lib/action_dispatch/middleware/request_id.rb:21:in `call'
  rack (1.5.5) lib/rack/methodoverride.rb:21:in `call'
  rack (1.5.5) lib/rack/runtime.rb:17:in `call'
  activesupport (4.1.6) lib/active_support/cache/strategy/local_cache_middleware.rb:26:in `call'
  rack (1.5.5) lib/rack/lock.rb:17:in `call'
  actionpack (4.1.6) lib/action_dispatch/middleware/static.rb:64:in `call'
  rack (1.5.5) lib/rack/sendfile.rb:112:in `call'
  railties (4.1.6) lib/rails/engine.rb:514:in `call'
  railties (4.1.6) lib/rails/application.rb:144:in `call'
  rack (1.5.5) lib/rack/lock.rb:17:in `call'
  rack (1.5.5) lib/rack/content_length.rb:14:in `call'
  rack (1.5.5) lib/rack/handler/webrick.rb:60:in `service'
  /usr/local/rvm/rubies/ruby-2.1.5/lib/ruby/2.1.0/webrick/httpserver.rb:138:in `service'
  /usr/local/rvm/rubies/ruby-2.1.5/lib/ruby/2.1.0/webrick/httpserver.rb:94:in `run'
  /usr/local/rvm/rubies/ruby-2.1.5/lib/ruby/2.1.0/webrick/server.rb:295:in `block in start_thread'


  Rendered /usr/local/rvm/gems/ruby-2.1.5@rails4/gems/actionpack-4.1.6/lib/action_dispatch/middleware/templates/rescues/_trace.html.erb (1.9ms)
  Rendered /usr/local/rvm/gems/ruby-2.1.5@rails4/gems/actionpack-4.1.6/lib/action_dispatch/middleware/templates/routes/_route.html.erb (2.6ms)
  Rendered /usr/local/rvm/gems/ruby-2.1.5@rails4/gems/actionpack-4.1.6/lib/action_dispatch/middleware/templates/routes/_table.html.erb (4.8ms)
  Rendered /usr/local/rvm/gems/ruby-2.1.5@rails4/gems/actionpack-4.1.6/lib/action_dispatch/middleware/templates/rescues/routing_error.html.erb within rescues/layout (50.9ms)


Started GET "/" for 150.161.2.202 at 2015-06-27 00:22:03 +0000
  [1m[36mActiveRecord::SchemaMigration Load (0.2ms)[0m  [1mSELECT "schema_migrations".* FROM "schema_migrations"[0m
Processing by LivrosController#index as HTML
  [1m[35mLivro Load (0.2ms)[0m  SELECT "livros".* FROM "livros"
  Rendered livros/index.html.erb within layouts/application (2.7ms)
Completed 200 OK in 371ms (Views: 359.4ms | ActiveRecord: 0.2ms)


Started GET "/assets/jquery.js?body=1" for 150.161.2.202 at 2015-06-27 00:22:03 +0000


Started GET "/assets/livros.css?body=1" for 150.161.2.202 at 2015-06-27 00:22:03 +0000


Started GET "/assets/users.css?body=1" for 150.161.2.202 at 2015-06-27 00:22:03 +0000


Started GET "/assets/application.css?body=1" for 150.161.2.202 at 2015-06-27 00:22:03 +0000


Started GET "/assets/scaffolds.css?body=1" for 150.161.2.202 at 2015-06-27 00:22:04 +0000


Started GET "/assets/jquery_ujs.js?body=1" for 150.161.2.202 at 2015-06-27 00:22:04 +0000


Started GET "/assets/turbolinks.js?body=1" for 150.161.2.202 at 2015-06-27 00:22:04 +0000


Started GET "/assets/livros.js?body=1" for 150.161.2.202 at 2015-06-27 00:22:04 +0000


Started GET "/assets/users.js?body=1" for 150.161.2.202 at 2015-06-27 00:22:04 +0000


Started GET "/assets/application.js?body=1" for 150.161.2.202 at 2015-06-27 00:22:04 +0000


Started GET "/usuarios/" for 150.161.2.202 at 2015-06-27 00:22:07 +0000

ActionController::RoutingError (No route matches [GET] "/usuarios"):
  actionpack (4.1.6) lib/action_dispatch/middleware/debug_exceptions.rb:21:in `call'
  actionpack (4.1.6) lib/action_dispatch/middleware/show_exceptions.rb:30:in `call'
  railties (4.1.6) lib/rails/rack/logger.rb:38:in `call_app'
  railties (4.1.6) lib/rails/rack/logger.rb:20:in `block in call'
  activesupport (4.1.6) lib/active_support/tagged_logging.rb:68:in `block in tagged'
  activesupport (4.1.6) lib/active_support/tagged_logging.rb:26:in `tagged'
  activesupport (4.1.6) lib/active_support/tagged_logging.rb:68:in `tagged'
  railties (4.1.6) lib/rails/rack/logger.rb:20:in `call'
  actionpack (4.1.6) lib/action_dispatch/middleware/request_id.rb:21:in `call'
  rack (1.5.5) lib/rack/methodoverride.rb:21:in `call'
  rack (1.5.5) lib/rack/runtime.rb:17:in `call'
  activesupport (4.1.6) lib/active_support/cache/strategy/local_cache_middleware.rb:26:in `call'
  rack (1.5.5) lib/rack/lock.rb:17:in `call'
  actionpack (4.1.6) lib/action_dispatch/middleware/static.rb:64:in `call'
  rack (1.5.5) lib/rack/sendfile.rb:112:in `call'
  railties (4.1.6) lib/rails/engine.rb:514:in `call'
  railties (4.1.6) lib/rails/application.rb:144:in `call'
  rack (1.5.5) lib/rack/lock.rb:17:in `call'
  rack (1.5.5) lib/rack/content_length.rb:14:in `call'
  rack (1.5.5) lib/rack/handler/webrick.rb:60:in `service'
  /usr/local/rvm/rubies/ruby-2.1.5/lib/ruby/2.1.0/webrick/httpserver.rb:138:in `service'
  /usr/local/rvm/rubies/ruby-2.1.5/lib/ruby/2.1.0/webrick/httpserver.rb:94:in `run'
  /usr/local/rvm/rubies/ruby-2.1.5/lib/ruby/2.1.0/webrick/server.rb:295:in `block in start_thread'


  Rendered /usr/local/rvm/gems/ruby-2.1.5@rails4/gems/actionpack-4.1.6/lib/action_dispatch/middleware/templates/rescues/_trace.html.erb (1.1ms)
  Rendered /usr/local/rvm/gems/ruby-2.1.5@rails4/gems/actionpack-4.1.6/lib/action_dispatch/middleware/templates/routes/_route.html.erb (3.4ms)
  Rendered /usr/local/rvm/gems/ruby-2.1.5@rails4/gems/actionpack-4.1.6/lib/action_dispatch/middleware/templates/routes/_table.html.erb (8.0ms)
  Rendered /usr/local/rvm/gems/ruby-2.1.5@rails4/gems/actionpack-4.1.6/lib/action_dispatch/middleware/templates/rescues/routing_error.html.erb within rescues/layout (47.7ms)


Started GET "/users/" for 150.161.2.202 at 2015-06-27 00:22:17 +0000
Processing by UsersController#index as HTML
  [1m[36mUser Load (0.2ms)[0m  [1mSELECT "users".* FROM "users"[0m
  Rendered users/index.html.erb within layouts/application (1.6ms)
Completed 200 OK in 49ms (Views: 46.8ms | ActiveRecord: 0.2ms)


Started GET "/assets/livros.css?body=1" for 150.161.2.202 at 2015-06-27 00:22:17 +0000


Started GET "/assets/jquery_ujs.js?body=1" for 150.161.2.202 at 2015-06-27 00:22:17 +0000


Started GET "/assets/jquery.js?body=1" for 150.161.2.202 at 2015-06-27 00:22:17 +0000


Started GET "/assets/application.css?body=1" for 150.161.2.202 at 2015-06-27 00:22:17 +0000


Started GET "/assets/scaffolds.css?body=1" for 150.161.2.202 at 2015-06-27 00:22:17 +0000


Started GET "/assets/users.css?body=1" for 150.161.2.202 at 2015-06-27 00:22:17 +0000


Started GET "/assets/turbolinks.js?body=1" for 150.161.2.202 at 2015-06-27 00:22:17 +0000


Started GET "/assets/livros.js?body=1" for 150.161.2.202 at 2015-06-27 00:22:17 +0000


Started GET "/assets/application.js?body=1" for 150.161.2.202 at 2015-06-27 00:22:17 +0000


Started GET "/assets/users.js?body=1" for 150.161.2.202 at 2015-06-27 00:22:17 +0000


Started GET "/users/new" for 150.161.2.202 at 2015-06-27 00:22:19 +0000
Processing by UsersController#new as HTML
  Rendered users/_form.html.erb (29.5ms)
  Rendered users/new.html.erb within layouts/application (32.2ms)
Completed 200 OK in 108ms (Views: 105.1ms | ActiveRecord: 0.7ms)


Started GET "/users" for 150.161.2.202 at 2015-06-27 00:22:24 +0000
Processing by UsersController#index as HTML
  [1m[35mUser Load (0.2ms)[0m  SELECT "users".* FROM "users"
  Rendered users/index.html.erb within layouts/application (1.5ms)
Completed 200 OK in 68ms (Views: 66.5ms | ActiveRecord: 0.2ms)


Started GET "/users/" for 179.183.93.192 at 2015-06-28 16:09:24 +0000
Processing by UsersController#index as HTML
  [1m[36mUser Load (28.7ms)[0m  [1mSELECT "users".* FROM "users"[0m
  Rendered users/index.html.erb within layouts/application (118.1ms)
Completed 200 OK in 524ms (Views: 427.3ms | ActiveRecord: 28.7ms)


Started GET "/assets/livros.css?body=1" for 179.183.93.192 at 2015-06-28 16:09:26 +0000


Started GET "/assets/scaffolds.css?body=1" for 187.113.69.206 at 2015-06-28 16:09:26 +0000


Started GET "/assets/users.css?body=1" for 179.183.93.192 at 2015-06-28 16:09:26 +0000


Started GET "/assets/application.css?body=1" for 179.183.93.192 at 2015-06-28 16:09:26 +0000


Started GET "/assets/jquery_ujs.js?body=1" for 187.113.69.206 at 2015-06-28 16:09:26 +0000


Started GET "/assets/turbolinks.js?body=1" for 187.113.69.206 at 2015-06-28 16:09:26 +0000


Started GET "/assets/livros.js?body=1" for 179.181.107.53 at 2015-06-28 16:09:26 +0000


Started GET "/assets/users.js?body=1" for 187.113.69.206 at 2015-06-28 16:09:26 +0000


Started GET "/assets/application.js?body=1" for 179.183.93.192 at 2015-06-28 16:09:26 +0000


Started GET "/assets/jquery.js?body=1" for 179.183.93.192 at 2015-06-28 16:09:26 +0000


Started GET "/users/" for 187.113.78.178 at 2015-06-28 16:10:54 +0000
Processing by UsersController#index as HTML
  [1m[35mUser Load (0.2ms)[0m  SELECT "users".* FROM "users"
  Rendered users/index.html.erb within layouts/application (6.0ms)
Completed 200 OK in 50ms (Views: 49.7ms | ActiveRecord: 0.2ms)


Started GET "/assets/livros.css?body=1" for 187.113.78.178 at 2015-06-28 16:10:54 +0000


Started GET "/assets/scaffolds.css?body=1" for 179.176.154.188 at 2015-06-28 16:10:54 +0000


Started GET "/assets/users.css?body=1" for 187.113.78.178 at 2015-06-28 16:10:54 +0000


Started GET "/assets/application.css?body=1" for 179.186.91.86 at 2015-06-28 16:10:54 +0000


Started GET "/assets/jquery.js?body=1" for 187.113.69.206 at 2015-06-28 16:10:54 +0000


Started GET "/assets/turbolinks.js?body=1" for 187.113.78.178 at 2015-06-28 16:10:54 +0000


Started GET "/assets/livros.js?body=1" for 179.186.91.86 at 2015-06-28 16:10:55 +0000


Started GET "/assets/users.js?body=1" for 187.113.78.178 at 2015-06-28 16:10:55 +0000


Started GET "/assets/application.js?body=1" for 179.183.93.192 at 2015-06-28 16:10:55 +0000


Started GET "/assets/jquery_ujs.js?body=1" for 179.176.154.188 at 2015-06-28 16:10:56 +0000


Started GET "/users/new" for 179.176.154.188 at 2015-06-28 16:10:59 +0000
Processing by UsersController#new as HTML
  Rendered users/_form.html.erb (104.8ms)
  Rendered users/new.html.erb within layouts/application (141.4ms)
Completed 200 OK in 241ms (Views: 225.5ms | ActiveRecord: 0.0ms)


Started GET "/livro" for 179.176.154.188 at 2015-06-28 16:11:09 +0000

ActionController::RoutingError (No route matches [GET] "/livro"):
  actionpack (4.1.6) lib/action_dispatch/middleware/debug_exceptions.rb:21:in `call'
  actionpack (4.1.6) lib/action_dispatch/middleware/show_exceptions.rb:30:in `call'
  railties (4.1.6) lib/rails/rack/logger.rb:38:in `call_app'
  railties (4.1.6) lib/rails/rack/logger.rb:20:in `block in call'
  activesupport (4.1.6) lib/active_support/tagged_logging.rb:68:in `block in tagged'
  activesupport (4.1.6) lib/active_support/tagged_logging.rb:26:in `tagged'
  activesupport (4.1.6) lib/active_support/tagged_logging.rb:68:in `tagged'
  railties (4.1.6) lib/rails/rack/logger.rb:20:in `call'
  actionpack (4.1.6) lib/action_dispatch/middleware/request_id.rb:21:in `call'
  rack (1.5.5) lib/rack/methodoverride.rb:21:in `call'
  rack (1.5.5) lib/rack/runtime.rb:17:in `call'
  activesupport (4.1.6) lib/active_support/cache/strategy/local_cache_middleware.rb:26:in `call'
  rack (1.5.5) lib/rack/lock.rb:17:in `call'
  actionpack (4.1.6) lib/action_dispatch/middleware/static.rb:64:in `call'
  rack (1.5.5) lib/rack/sendfile.rb:112:in `call'
  railties (4.1.6) lib/rails/engine.rb:514:in `call'
  railties (4.1.6) lib/rails/application.rb:144:in `call'
  rack (1.5.5) lib/rack/lock.rb:17:in `call'
  rack (1.5.5) lib/rack/content_length.rb:14:in `call'
  rack (1.5.5) lib/rack/handler/webrick.rb:60:in `service'
  /usr/local/rvm/rubies/ruby-2.1.5/lib/ruby/2.1.0/webrick/httpserver.rb:138:in `service'
  /usr/local/rvm/rubies/ruby-2.1.5/lib/ruby/2.1.0/webrick/httpserver.rb:94:in `run'
  /usr/local/rvm/rubies/ruby-2.1.5/lib/ruby/2.1.0/webrick/server.rb:295:in `block in start_thread'


  Rendered /usr/local/rvm/gems/ruby-2.1.5@rails4/gems/actionpack-4.1.6/lib/action_dispatch/middleware/templates/rescues/_trace.html.erb (18.6ms)
  Rendered /usr/local/rvm/gems/ruby-2.1.5@rails4/gems/actionpack-4.1.6/lib/action_dispatch/middleware/templates/routes/_route.html.erb (31.2ms)
  Rendered /usr/local/rvm/gems/ruby-2.1.5@rails4/gems/actionpack-4.1.6/lib/action_dispatch/middleware/templates/routes/_table.html.erb (31.8ms)
  Rendered /usr/local/rvm/gems/ruby-2.1.5@rails4/gems/actionpack-4.1.6/lib/action_dispatch/middleware/templates/rescues/routing_error.html.erb within rescues/layout (229.3ms)


Started GET "/livros" for 179.176.154.188 at 2015-06-28 16:11:13 +0000
Processing by LivrosController#index as HTML
  [1m[36mLivro Load (1.0ms)[0m  [1mSELECT "livros".* FROM "livros"[0m
  Rendered livros/index.html.erb within layouts/application (3.3ms)
Completed 200 OK in 971ms (Views: 963.6ms | ActiveRecord: 1.0ms)


Started GET "/livros/new" for 179.176.154.188 at 2015-06-28 16:11:16 +0000
Processing by LivrosController#new as HTML
  Rendered livros/_form.html.erb (89.3ms)
  Rendered livros/new.html.erb within layouts/application (114.3ms)
Completed 200 OK in 194ms (Views: 182.5ms | ActiveRecord: 2.0ms)


Started GET "/livros" for 179.176.154.188 at 2015-06-28 16:11:26 +0000
Processing by LivrosController#index as HTML
  [1m[35mLivro Load (3.4ms)[0m  SELECT "livros".* FROM "livros"
  Rendered livros/index.html.erb within layouts/application (11.2ms)
Completed 200 OK in 62ms (Views: 57.8ms | ActiveRecord: 3.4ms)


Started GET "/livros/new" for 179.176.154.188 at 2015-06-28 16:11:28 +0000
Processing by LivrosController#new as HTML
  Rendered livros/_form.html.erb (2.8ms)
  Rendered livros/new.html.erb within layouts/application (3.7ms)
Completed 200 OK in 60ms (Views: 58.8ms | ActiveRecord: 0.0ms)


Started GET "/livros/user" for 179.176.154.188 at 2015-06-28 16:11:53 +0000
Processing by LivrosController#show as HTML
  Parameters: {"id"=>"user"}
  [1m[36mLivro Load (22.3ms)[0m  [1mSELECT  "livros".* FROM "livros"  WHERE "livros"."id" = ? LIMIT 1[0m  [["id", 0]]
Completed 404 Not Found in 185ms

ActiveRecord::RecordNotFound (Couldn't find Livro with 'id'=user):
  app/controllers/livros_controller.rb:67:in `set_livro'


  Rendered /usr/local/rvm/gems/ruby-2.1.5@rails4/gems/actionpack-4.1.6/lib/action_dispatch/middleware/templates/rescues/_source.erb (2.4ms)
  Rendered /usr/local/rvm/gems/ruby-2.1.5@rails4/gems/actionpack-4.1.6/lib/action_dispatch/middleware/templates/rescues/_trace.html.erb (2.2ms)
  Rendered /usr/local/rvm/gems/ruby-2.1.5@rails4/gems/actionpack-4.1.6/lib/action_dispatch/middleware/templates/rescues/_request_and_response.html.erb (6.4ms)
  Rendered /usr/local/rvm/gems/ruby-2.1.5@rails4/gems/actionpack-4.1.6/lib/action_dispatch/middleware/templates/rescues/diagnostics.erb within rescues/layout (37.5ms)


Started GET "/user" for 179.176.154.188 at 2015-06-28 16:11:59 +0000

ActionController::RoutingError (No route matches [GET] "/user"):
  actionpack (4.1.6) lib/action_dispatch/middleware/debug_exceptions.rb:21:in `call'
  actionpack (4.1.6) lib/action_dispatch/middleware/show_exceptions.rb:30:in `call'
  railties (4.1.6) lib/rails/rack/logger.rb:38:in `call_app'
  railties (4.1.6) lib/rails/rack/logger.rb:20:in `block in call'
  activesupport (4.1.6) lib/active_support/tagged_logging.rb:68:in `block in tagged'
  activesupport (4.1.6) lib/active_support/tagged_logging.rb:26:in `tagged'
  activesupport (4.1.6) lib/active_support/tagged_logging.rb:68:in `tagged'
  railties (4.1.6) lib/rails/rack/logger.rb:20:in `call'
  actionpack (4.1.6) lib/action_dispatch/middleware/request_id.rb:21:in `call'
  rack (1.5.5) lib/rack/methodoverride.rb:21:in `call'
  rack (1.5.5) lib/rack/runtime.rb:17:in `call'
  activesupport (4.1.6) lib/active_support/cache/strategy/local_cache_middleware.rb:26:in `call'
  rack (1.5.5) lib/rack/lock.rb:17:in `call'
  actionpack (4.1.6) lib/action_dispatch/middleware/static.rb:64:in `call'
  rack (1.5.5) lib/rack/sendfile.rb:112:in `call'
  railties (4.1.6) lib/rails/engine.rb:514:in `call'
  railties (4.1.6) lib/rails/application.rb:144:in `call'
  rack (1.5.5) lib/rack/lock.rb:17:in `call'
  rack (1.5.5) lib/rack/content_length.rb:14:in `call'
  rack (1.5.5) lib/rack/handler/webrick.rb:60:in `service'
  /usr/local/rvm/rubies/ruby-2.1.5/lib/ruby/2.1.0/webrick/httpserver.rb:138:in `service'
  /usr/local/rvm/rubies/ruby-2.1.5/lib/ruby/2.1.0/webrick/httpserver.rb:94:in `run'
  /usr/local/rvm/rubies/ruby-2.1.5/lib/ruby/2.1.0/webrick/server.rb:295:in `block in start_thread'


  Rendered /usr/local/rvm/gems/ruby-2.1.5@rails4/gems/actionpack-4.1.6/lib/action_dispatch/middleware/templates/rescues/_trace.html.erb (0.9ms)
  Rendered /usr/local/rvm/gems/ruby-2.1.5@rails4/gems/actionpack-4.1.6/lib/action_dispatch/middleware/templates/routes/_route.html.erb (2.8ms)
  Rendered /usr/local/rvm/gems/ruby-2.1.5@rails4/gems/actionpack-4.1.6/lib/action_dispatch/middleware/templates/routes/_table.html.erb (1.9ms)
  Rendered /usr/local/rvm/gems/ruby-2.1.5@rails4/gems/actionpack-4.1.6/lib/action_dispatch/middleware/templates/rescues/routing_error.html.erb within rescues/layout (30.2ms)


Started GET "/users" for 179.176.154.188 at 2015-06-28 16:12:06 +0000
Processing by UsersController#index as HTML
  [1m[35mUser Load (0.2ms)[0m  SELECT "users".* FROM "users"
  Rendered users/index.html.erb within layouts/application (2.3ms)
Completed 200 OK in 51ms (Views: 49.4ms | ActiveRecord: 0.2ms)


Started GET "/users/new" for 179.176.154.188 at 2015-06-28 16:12:34 +0000
Processing by UsersController#new as HTML
  Rendered users/_form.html.erb (3.6ms)
  Rendered users/new.html.erb within layouts/application (5.1ms)
Completed 200 OK in 63ms (Views: 62.2ms | ActiveRecord: 0.0ms)


Started POST "/users" for 179.176.154.188 at 2015-06-28 16:13:41 +0000
Processing by UsersController#create as HTML
  Parameters: {"utf8"=>"✓", "authenticity_token"=>"xLBiSuX95prUQvXUaKjykxm3bN5mCR5XAfKiVDwk56s=", "user"=>{"nome"=>"Marcelo Bezerra", "cpf"=>"74324478376", "endereco"=>"Rua da Alegria", "curso"=>"Sistemas de Informação"}, "commit"=>"Create User"}
  [1m[36m (2.0ms)[0m  [1mbegin transaction[0m
  [1m[35mSQL (0.4ms)[0m  INSERT INTO "users" ("cpf", "created_at", "curso", "endereco", "nome", "updated_at") VALUES (?, ?, ?, ?, ?, ?)  [["cpf", 74324478376], ["created_at", "2015-06-28 16:13:41.712199"], ["curso", "Sistemas de Informação"], ["endereco", "Rua da Alegria"], ["nome", "Marcelo Bezerra"], ["updated_at", "2015-06-28 16:13:41.712199"]]
  [1m[36m (19.5ms)[0m  [1mcommit transaction[0m
Redirected to https://quem-pegou-marcelobezerra5.c9.io/users/1
Completed 302 Found in 80ms (ActiveRecord: 21.9ms)


Started GET "/users/1" for 179.176.154.188 at 2015-06-28 16:13:42 +0000
Processing by UsersController#show as HTML
  Parameters: {"id"=>"1"}
  [1m[35mUser Load (0.3ms)[0m  SELECT  "users".* FROM "users"  WHERE "users"."id" = ? LIMIT 1  [["id", 1]]
  Rendered users/show.html.erb within layouts/application (2.4ms)
Completed 200 OK in 67ms (Views: 63.9ms | ActiveRecord: 0.3ms)


Started GET "/users" for 179.176.154.188 at 2015-06-28 16:13:45 +0000
Processing by UsersController#index as HTML
  [1m[36mUser Load (0.2ms)[0m  [1mSELECT "users".* FROM "users"[0m
  Rendered users/index.html.erb within layouts/application (1.4ms)
Completed 200 OK in 62ms (Views: 61.3ms | ActiveRecord: 0.2ms)


Started GET "/users" for 179.176.154.188 at 2015-06-28 16:13:53 +0000
Processing by UsersController#index as HTML
  [1m[35mUser Load (0.2ms)[0m  SELECT "users".* FROM "users"
  Rendered users/index.html.erb within layouts/application (1.1ms)
Completed 200 OK in 43ms (Views: 41.9ms | ActiveRecord: 0.2ms)


Started GET "/livros" for 173.252.88.87 at 2015-06-28 16:14:08 +0000
Processing by LivrosController#index as */*
  [1m[36mLivro Load (0.2ms)[0m  [1mSELECT "livros".* FROM "livros"[0m
  Rendered livros/index.html.erb within layouts/application (1.5ms)
Completed 200 OK in 48ms (Views: 47.3ms | ActiveRecord: 0.2ms)


Started GET "/users" for 179.176.154.188 at 2015-06-28 16:14:15 +0000
Processing by UsersController#index as HTML
  [1m[35mUser Load (0.2ms)[0m  SELECT "users".* FROM "users"
  Rendered users/index.html.erb within layouts/application (1.6ms)
Completed 200 OK in 55ms (Views: 54.1ms | ActiveRecord: 0.2ms)


Started GET "/users" for 173.252.88.91 at 2015-06-28 16:14:31 +0000
Processing by UsersController#index as */*
  [1m[36mUser Load (0.2ms)[0m  [1mSELECT "users".* FROM "users"[0m
  Rendered users/index.html.erb within layouts/application (3.5ms)
Completed 200 OK in 68ms (Views: 67.0ms | ActiveRecord: 0.2ms)


Started GET "/users" for 179.183.93.192 at 2015-06-28 16:14:40 +0000
Processing by UsersController#index as HTML
  [1m[35mUser Load (0.2ms)[0m  SELECT "users".* FROM "users"
  Rendered users/index.html.erb within layouts/application (1.3ms)
Completed 200 OK in 54ms (Views: 53.4ms | ActiveRecord: 0.2ms)


Started GET "/assets/livros.css?body=1" for 179.183.93.192 at 2015-06-28 16:14:40 +0000


Started GET "/assets/scaffolds.css?body=1" for 179.183.93.192 at 2015-06-28 16:14:40 +0000


Started GET "/assets/users.css?body=1" for 179.186.91.86 at 2015-06-28 16:14:41 +0000


Started GET "/assets/application.css?body=1" for 187.113.78.178 at 2015-06-28 16:14:41 +0000


Started GET "/assets/jquery.js?body=1" for 179.180.25.173 at 2015-06-28 16:14:41 +0000


Started GET "/assets/jquery_ujs.js?body=1" for 179.181.107.53 at 2015-06-28 16:14:41 +0000


Started GET "/assets/turbolinks.js?body=1" for 179.183.93.192 at 2015-06-28 16:14:41 +0000


Started GET "/assets/livros.js?body=1" for 179.186.91.86 at 2015-06-28 16:14:41 +0000


Started GET "/assets/users.js?body=1" for 187.113.78.178 at 2015-06-28 16:14:41 +0000


Started GET "/assets/application.js?body=1" for 179.180.25.173 at 2015-06-28 16:14:41 +0000


Started GET "/users/1" for 179.176.154.188 at 2015-06-28 16:14:59 +0000
Processing by UsersController#show as HTML
  Parameters: {"id"=>"1"}
  [1m[36mUser Load (0.1ms)[0m  [1mSELECT  "users".* FROM "users"  WHERE "users"."id" = ? LIMIT 1[0m  [["id", 1]]
  Rendered users/show.html.erb within layouts/application (0.8ms)
Completed 200 OK in 43ms (Views: 41.9ms | ActiveRecord: 0.1ms)


Started GET "/users" for 179.176.154.188 at 2015-06-28 16:15:00 +0000
Processing by UsersController#index as HTML
  [1m[35mUser Load (0.2ms)[0m  SELECT "users".* FROM "users"
  Rendered users/index.html.erb within layouts/application (2.5ms)
Completed 200 OK in 61ms (Views: 59.6ms | ActiveRecord: 0.2ms)


Started GET "/users/new" for 179.176.154.188 at 2015-06-28 16:16:04 +0000
Processing by UsersController#new as HTML
  Rendered users/_form.html.erb (2.2ms)
  Rendered users/new.html.erb within layouts/application (3.1ms)
Completed 200 OK in 54ms (Views: 53.6ms | ActiveRecord: 0.0ms)


Started POST "/users" for 179.176.154.188 at 2015-06-28 16:16:48 +0000
Processing by UsersController#create as HTML
  Parameters: {"utf8"=>"✓", "authenticity_token"=>"xLBiSuX95prUQvXUaKjykxm3bN5mCR5XAfKiVDwk56s=", "user"=>{"nome"=>"Leandro Henrique", "cpf"=>"55557905200", "endereco"=>"Rua dos Reitores", "curso"=>"Sistemas de Informação"}, "commit"=>"Create User"}
  [1m[36m (0.1ms)[0m  [1mbegin transaction[0m
  [1m[35mSQL (0.2ms)[0m  INSERT INTO "users" ("cpf", "created_at", "curso", "endereco", "nome", "updated_at") VALUES (?, ?, ?, ?, ?, ?)  [["cpf", 55557905200], ["created_at", "2015-06-28 16:16:48.522831"], ["curso", "Sistemas de Informação"], ["endereco", "Rua dos Reitores"], ["nome", "Leandro Henrique"], ["updated_at", "2015-06-28 16:16:48.522831"]]
  [1m[36m (11.8ms)[0m  [1mcommit transaction[0m
Redirected to https://quem-pegou-marcelobezerra5.c9.io/users/2
Completed 302 Found in 15ms (ActiveRecord: 12.1ms)


Started GET "/users/2" for 179.176.154.188 at 2015-06-28 16:16:48 +0000
Processing by UsersController#show as HTML
  Parameters: {"id"=>"2"}
  [1m[35mUser Load (0.1ms)[0m  SELECT  "users".* FROM "users"  WHERE "users"."id" = ? LIMIT 1  [["id", 2]]
  Rendered users/show.html.erb within layouts/application (0.3ms)
Completed 200 OK in 44ms (Views: 42.4ms | ActiveRecord: 0.1ms)


Started GET "/users" for 179.176.154.188 at 2015-06-28 16:16:51 +0000
Processing by UsersController#index as HTML
  [1m[36mUser Load (0.3ms)[0m  [1mSELECT "users".* FROM "users"[0m
  Rendered users/index.html.erb within layouts/application (2.4ms)
Completed 200 OK in 65ms (Views: 64.1ms | ActiveRecord: 0.3ms)


Started GET "/users/new" for 179.176.154.188 at 2015-06-28 16:16:59 +0000
Processing by UsersController#new as HTML
  Rendered users/_form.html.erb (1.9ms)
  Rendered users/new.html.erb within layouts/application (2.9ms)
Completed 200 OK in 49ms (Views: 48.6ms | ActiveRecord: 0.0ms)


Started POST "/users" for 179.176.154.188 at 2015-06-28 16:17:50 +0000
Processing by UsersController#create as HTML
  Parameters: {"utf8"=>"✓", "authenticity_token"=>"xLBiSuX95prUQvXUaKjykxm3bN5mCR5XAfKiVDwk56s=", "user"=>{"nome"=>"Jusseli Damaso", "cpf"=>"84034427426", "endereco"=>"Rua dos Professores", "curso"=>"Sistemas de Informação"}, "commit"=>"Create User"}
  [1m[35m (0.1ms)[0m  begin transaction
  [1m[36mSQL (0.3ms)[0m  [1mINSERT INTO "users" ("cpf", "created_at", "curso", "endereco", "nome", "updated_at") VALUES (?, ?, ?, ?, ?, ?)[0m  [["cpf", 84034427426], ["created_at", "2015-06-28 16:17:50.310969"], ["curso", "Sistemas de Informação"], ["endereco", "Rua dos Professores"], ["nome", "Jusseli Damaso"], ["updated_at", "2015-06-28 16:17:50.310969"]]
  [1m[35m (18.7ms)[0m  commit transaction
Redirected to https://quem-pegou-marcelobezerra5.c9.io/users/3
Completed 302 Found in 23ms (ActiveRecord: 19.1ms)


Started GET "/users/3" for 179.176.154.188 at 2015-06-28 16:17:50 +0000
Processing by UsersController#show as HTML
  Parameters: {"id"=>"3"}
  [1m[36mUser Load (0.1ms)[0m  [1mSELECT  "users".* FROM "users"  WHERE "users"."id" = ? LIMIT 1[0m  [["id", 3]]
  Rendered users/show.html.erb within layouts/application (0.4ms)
Completed 200 OK in 42ms (Views: 40.6ms | ActiveRecord: 0.1ms)


Started GET "/users" for 179.176.154.188 at 2015-06-28 16:17:53 +0000
Processing by UsersController#index as HTML
  [1m[35mUser Load (0.3ms)[0m  SELECT "users".* FROM "users"
  Rendered users/index.html.erb within layouts/application (9.3ms)
Completed 200 OK in 52ms (Views: 50.6ms | ActiveRecord: 0.3ms)


Started GET "/users/" for 179.183.93.192 at 2015-06-28 16:20:27 +0000
Processing by UsersController#index as HTML
  [1m[36mUser Load (0.3ms)[0m  [1mSELECT "users".* FROM "users"[0m
  Rendered users/index.html.erb within layouts/application (3.3ms)
Completed 200 OK in 82ms (Views: 80.2ms | ActiveRecord: 0.3ms)


Started GET "/users" for 179.183.93.192 at 2015-06-28 17:56:16 +0000
Processing by UsersController#index as HTML
  [1m[35mUser Load (0.4ms)[0m  SELECT "users".* FROM "users"
  Rendered users/index.html.erb within layouts/application (2.0ms)
Completed 200 OK in 48ms (Views: 47.4ms | ActiveRecord: 0.4ms)


Started GET "/assets/livros.css?body=1" for 179.183.93.192 at 2015-06-28 17:56:16 +0000


Started GET "/assets/scaffolds.css?body=1" for 179.180.25.173 at 2015-06-28 17:56:16 +0000


Started GET "/assets/users.css?body=1" for 179.183.93.192 at 2015-06-28 17:56:16 +0000


Started GET "/assets/turbolinks.js?body=1" for 187.113.69.206 at 2015-06-28 17:56:16 +0000


Started GET "/assets/livros.js?body=1" for 179.180.25.173 at 2015-06-28 17:56:16 +0000


Started GET "/assets/jquery_ujs.js?body=1" for 179.176.148.174 at 2015-06-28 17:56:16 +0000


Started GET "/assets/users.js?body=1" for 179.180.25.173 at 2015-06-28 17:56:16 +0000


Started GET "/assets/application.js?body=1" for 179.183.93.192 at 2015-06-28 17:56:16 +0000


Started GET "/assets/jquery.js?body=1" for 187.113.69.206 at 2015-06-28 17:56:17 +0000


Started GET "/assets/application.css?body=1" for 187.113.69.206 at 2015-06-28 17:56:17 +0000


Started GET "/livros" for 187.113.69.206 at 2015-06-28 17:56:20 +0000
Processing by LivrosController#index as HTML
  [1m[36mLivro Load (0.2ms)[0m  [1mSELECT "livros".* FROM "livros"[0m
  Rendered livros/index.html.erb within layouts/application (1.4ms)
Completed 200 OK in 59ms (Views: 58.1ms | ActiveRecord: 0.2ms)


Started GET "/assets/livros.css?body=1" for 187.113.69.206 at 2015-06-28 17:56:20 +0000


Started GET "/assets/scaffolds.css?body=1" for 187.113.69.206 at 2015-06-28 17:56:20 +0000


Started GET "/assets/application.css?body=1" for 179.180.25.173 at 2015-06-28 17:56:20 +0000


Started GET "/assets/jquery_ujs.js?body=1" for 179.180.25.173 at 2015-06-28 17:56:20 +0000


Started GET "/assets/users.css?body=1" for 179.183.93.192 at 2015-06-28 17:56:20 +0000


Started GET "/assets/jquery.js?body=1" for 179.176.148.174 at 2015-06-28 17:56:20 +0000


Started GET "/assets/turbolinks.js?body=1" for 187.113.69.206 at 2015-06-28 17:56:21 +0000


Started GET "/assets/livros.js?body=1" for 187.113.69.206 at 2015-06-28 17:56:21 +0000


Started GET "/assets/users.js?body=1" for 179.180.25.173 at 2015-06-28 17:56:21 +0000


Started GET "/assets/application.js?body=1" for 179.180.25.173 at 2015-06-28 17:56:21 +0000


Started GET "/livros/new" for 179.180.25.173 at 2015-06-28 17:56:29 +0000
Processing by LivrosController#new as HTML
  Rendered livros/_form.html.erb (3.9ms)
  Rendered livros/new.html.erb within layouts/application (4.9ms)
Completed 200 OK in 70ms (Views: 68.4ms | ActiveRecord: 0.0ms)


Started POST "/livros" for 179.186.91.86 at 2015-06-28 18:05:59 +0000
Processing by LivrosController#create as HTML
  Parameters: {"utf8"=>"✓", "authenticity_token"=>"xLBiSuX95prUQvXUaKjykxm3bN5mCR5XAfKiVDwk56s=", "livro"=>{"nome"=>"O Pequeno Príncipe", "autor"=>"Antoine Saint-Exupéry", "dataPublicacao"=>"2000", "dataEmprestimo"=>"00", "dataEntrega"=>"00", "usuario_id"=>"74324478376"}, "commit"=>"Create Livro"}
  [1m[35m (0.1ms)[0m  begin transaction
  [1m[36mSQL (0.4ms)[0m  [1mINSERT INTO "livros" ("autor", "created_at", "dataEmprestimo", "dataEntrega", "dataPublicacao", "nome", "updated_at", "usuario_id") VALUES (?, ?, ?, ?, ?, ?, ?, ?)[0m  [["autor", "Antoine Saint-Exupéry"], ["created_at", "2015-06-28 18:05:59.024382"], ["dataEmprestimo", "00"], ["dataEntrega", "00"], ["dataPublicacao", "2000"], ["nome", "O Pequeno Príncipe"], ["updated_at", "2015-06-28 18:05:59.024382"], ["usuario_id", 74324478376]]
  [1m[35m (12.2ms)[0m  commit transaction
Redirected to https://quem-pegou-marcelobezerra5.c9.io/livros/1
Completed 302 Found in 18ms (ActiveRecord: 12.7ms)


Started GET "/livros/1" for 179.186.91.86 at 2015-06-28 18:05:59 +0000
Processing by LivrosController#show as HTML
  Parameters: {"id"=>"1"}
  [1m[36mLivro Load (0.2ms)[0m  [1mSELECT  "livros".* FROM "livros"  WHERE "livros"."id" = ? LIMIT 1[0m  [["id", 1]]
  Rendered livros/show.html.erb within layouts/application (0.9ms)
Completed 200 OK in 45ms (Views: 42.8ms | ActiveRecord: 0.2ms)


Started GET "/assets/livros.css?body=1" for 179.186.91.86 at 2015-06-28 18:05:59 +0000


Started GET "/assets/scaffolds.css?body=1" for 179.186.91.86 at 2015-06-28 18:05:59 +0000


Started GET "/assets/users.css?body=1" for 179.176.154.188 at 2015-06-28 18:06:00 +0000


Started GET "/assets/turbolinks.js?body=1" for 179.186.91.86 at 2015-06-28 18:06:00 +0000


Started GET "/assets/jquery_ujs.js?body=1" for 179.176.148.174 at 2015-06-28 18:06:00 +0000


Started GET "/assets/application.css?body=1" for 179.176.154.188 at 2015-06-28 18:06:00 +0000


Started GET "/assets/livros.js?body=1" for 179.180.159.162 at 2015-06-28 18:06:00 +0000


Started GET "/assets/users.js?body=1" for 187.113.69.206 at 2015-06-28 18:06:00 +0000


Started GET "/assets/application.js?body=1" for 179.186.91.86 at 2015-06-28 18:06:00 +0000


Started GET "/assets/jquery.js?body=1" for 179.176.154.188 at 2015-06-28 18:06:00 +0000


Started GET "/livros" for 187.113.69.206 at 2015-06-28 18:06:03 +0000
Processing by LivrosController#index as HTML
  [1m[35mLivro Load (0.2ms)[0m  SELECT "livros".* FROM "livros"
  Rendered livros/index.html.erb within layouts/application (3.6ms)
Completed 200 OK in 62ms (Views: 61.3ms | ActiveRecord: 0.2ms)
